2024-09-15 17:36:10 INFO     Model: TransE
2024-09-15 17:36:10 INFO     Dataset: ogbl-wikikg2
2024-09-15 17:36:10 INFO     #entity: 2500604
2024-09-15 17:36:10 INFO     #relation: 535
2024-09-15 17:36:10 INFO     #train: 16109182
2024-09-15 17:36:10 INFO     #valid: 429456
2024-09-15 17:36:10 INFO     #test: 598543
2024-09-15 17:37:20 INFO     Creating TTEmbeddingBag tt_p_shapes: [125, 145, 145], tt_q_shapes: [5, 4, 5], tt_ranks: [1, 16, 16, 1], sparse: True, optimizer: sgd, learning_rate: 0.1, eps: 1e-10use_cache: True, cache_size: 10, hashtbl_size: 2500604
2024-09-15 17:37:21 INFO     Model Parameter Configuration:
2024-09-15 17:37:21 INFO     Parameter gamma: torch.Size([1]), require_grad = False
2024-09-15 17:37:21 INFO     Parameter embedding_range: torch.Size([1]), require_grad = False
2024-09-15 17:37:21 INFO     Parameter relation_embedding.weight: torch.Size([535, 100]), require_grad = True
2024-09-15 17:37:21 INFO     Parameter entity_embedding.cache_weight: torch.Size([10, 100]), require_grad = True
2024-09-15 17:37:21 INFO     Parameter entity_embedding.tt_cores.0: torch.Size([1, 125, 80]), require_grad = True
2024-09-15 17:37:21 INFO     Parameter entity_embedding.tt_cores.1: torch.Size([1, 145, 1024]), require_grad = True
2024-09-15 17:37:21 INFO     Parameter entity_embedding.tt_cores.2: torch.Size([1, 145, 80]), require_grad = True
2024-09-15 17:37:21 INFO     Ramdomly Initializing TransE Model...
2024-09-15 17:37:21 INFO     Start Training...
2024-09-15 17:37:21 INFO     init_step = 0
2024-09-15 17:37:21 INFO     batch_size = 512
2024-09-15 17:37:21 INFO     negative_adversarial_sampling = 1
2024-09-15 17:37:21 INFO     hidden_dim = 100
2024-09-15 17:37:21 INFO     gamma = 30.000000
2024-09-15 17:37:21 INFO     negative_adversarial_sampling = True
2024-09-15 17:37:21 INFO     adversarial_temperature = 1.000000
2024-09-15 17:37:21 INFO     learning_rate = 0
2024-09-15 17:37:24 INFO     Train positive_sample_loss at step 0: 0.000001
2024-09-15 17:37:24 INFO     Train negative_sample_loss at step 0: 14.038666
2024-09-15 17:37:24 INFO     Train loss at step 0: 7.019333
2024-09-15 17:37:29 INFO     Train positive_sample_loss at step 100: 0.000002
2024-09-15 17:37:29 INFO     Train negative_sample_loss at step 100: 13.613834
2024-09-15 17:37:29 INFO     Train loss at step 100: 6.806918
2024-09-15 17:37:32 INFO     Train positive_sample_loss at step 200: 0.000004
2024-09-15 17:37:32 INFO     Train negative_sample_loss at step 200: 12.772121
2024-09-15 17:37:32 INFO     Train loss at step 200: 6.386063
2024-09-15 17:37:34 INFO     Train positive_sample_loss at step 300: 0.000010
2024-09-15 17:37:34 INFO     Train negative_sample_loss at step 300: 11.945060
2024-09-15 17:37:34 INFO     Train loss at step 300: 5.972535
2024-09-15 17:37:37 INFO     Train positive_sample_loss at step 400: 0.000024
2024-09-15 17:37:37 INFO     Train negative_sample_loss at step 400: 11.132381
2024-09-15 17:37:37 INFO     Train loss at step 400: 5.566203
2024-09-15 17:37:40 INFO     Train positive_sample_loss at step 500: 0.000061
2024-09-15 17:37:40 INFO     Train negative_sample_loss at step 500: 10.286979
2024-09-15 17:37:40 INFO     Train loss at step 500: 5.143520
2024-09-15 17:37:43 INFO     Train positive_sample_loss at step 600: 0.000143
2024-09-15 17:37:43 INFO     Train negative_sample_loss at step 600: 9.483925
2024-09-15 17:37:43 INFO     Train loss at step 600: 4.742034
2024-09-15 17:37:45 INFO     Train positive_sample_loss at step 700: 0.000351
2024-09-15 17:37:45 INFO     Train negative_sample_loss at step 700: 8.640818
2024-09-15 17:37:45 INFO     Train loss at step 700: 4.320585
2024-09-15 17:37:48 INFO     Train positive_sample_loss at step 800: 0.000875
2024-09-15 17:37:48 INFO     Train negative_sample_loss at step 800: 7.809559
2024-09-15 17:37:48 INFO     Train loss at step 800: 3.905217
2024-09-15 17:37:51 INFO     Train positive_sample_loss at step 900: 0.002214
2024-09-15 17:37:51 INFO     Train negative_sample_loss at step 900: 6.976228
2024-09-15 17:37:51 INFO     Train loss at step 900: 3.489221
2024-09-15 17:37:53 INFO     Train positive_sample_loss at step 1000: 0.005453
2024-09-15 17:37:53 INFO     Train negative_sample_loss at step 1000: 6.179038
2024-09-15 17:37:53 INFO     Train loss at step 1000: 3.092245
2024-09-15 17:37:56 INFO     Train positive_sample_loss at step 1100: 0.013115
2024-09-15 17:37:56 INFO     Train negative_sample_loss at step 1100: 5.333069
2024-09-15 17:37:56 INFO     Train loss at step 1100: 2.673092
2024-09-15 17:37:59 INFO     Train positive_sample_loss at step 1200: 0.029567
2024-09-15 17:37:59 INFO     Train negative_sample_loss at step 1200: 4.594819
2024-09-15 17:37:59 INFO     Train loss at step 1200: 2.312193
2024-09-15 17:38:01 INFO     Train positive_sample_loss at step 1300: 0.062257
2024-09-15 17:38:01 INFO     Train negative_sample_loss at step 1300: 3.861159
2024-09-15 17:38:01 INFO     Train loss at step 1300: 1.961708
2024-09-15 17:38:04 INFO     Train positive_sample_loss at step 1400: 0.120862
2024-09-15 17:38:04 INFO     Train negative_sample_loss at step 1400: 3.214331
2024-09-15 17:38:04 INFO     Train loss at step 1400: 1.667596
2024-09-15 17:38:07 INFO     Train positive_sample_loss at step 1500: 0.200505
2024-09-15 17:38:07 INFO     Train negative_sample_loss at step 1500: 2.686572
2024-09-15 17:38:07 INFO     Train loss at step 1500: 1.443539
2024-09-15 17:38:09 INFO     Train positive_sample_loss at step 1600: 0.288571
2024-09-15 17:38:09 INFO     Train negative_sample_loss at step 1600: 2.288013
2024-09-15 17:38:09 INFO     Train loss at step 1600: 1.288292
2024-09-15 17:38:12 INFO     Train positive_sample_loss at step 1700: 0.369324
2024-09-15 17:38:12 INFO     Train negative_sample_loss at step 1700: 2.011665
2024-09-15 17:38:12 INFO     Train loss at step 1700: 1.190495
2024-09-15 17:38:15 INFO     Train positive_sample_loss at step 1800: 0.440505
2024-09-15 17:38:15 INFO     Train negative_sample_loss at step 1800: 1.758275
2024-09-15 17:38:15 INFO     Train loss at step 1800: 1.099390
2024-09-15 17:38:17 INFO     Train positive_sample_loss at step 1900: 0.493195
2024-09-15 17:38:17 INFO     Train negative_sample_loss at step 1900: 1.593758
2024-09-15 17:38:17 INFO     Train loss at step 1900: 1.043476
2024-09-15 17:38:20 INFO     Train positive_sample_loss at step 2000: 0.531416
2024-09-15 17:38:20 INFO     Train negative_sample_loss at step 2000: 1.482953
2024-09-15 17:38:20 INFO     Train loss at step 2000: 1.007184
2024-09-15 17:38:22 INFO     Train positive_sample_loss at step 2100: 0.560374
2024-09-15 17:38:22 INFO     Train negative_sample_loss at step 2100: 1.412183
2024-09-15 17:38:22 INFO     Train loss at step 2100: 0.986279
2024-09-15 17:38:25 INFO     Train positive_sample_loss at step 2200: 0.580414
2024-09-15 17:38:25 INFO     Train negative_sample_loss at step 2200: 1.330235
2024-09-15 17:38:25 INFO     Train loss at step 2200: 0.955324
2024-09-15 17:38:27 INFO     Train positive_sample_loss at step 2300: 0.594558
2024-09-15 17:38:27 INFO     Train negative_sample_loss at step 2300: 1.257561
2024-09-15 17:38:27 INFO     Train loss at step 2300: 0.926060
2024-09-15 17:38:30 INFO     Train positive_sample_loss at step 2400: 0.608826
2024-09-15 17:38:30 INFO     Train negative_sample_loss at step 2400: 1.199487
2024-09-15 17:38:30 INFO     Train loss at step 2400: 0.904157
2024-09-15 17:38:32 INFO     Train positive_sample_loss at step 2500: 0.615674
2024-09-15 17:38:32 INFO     Train negative_sample_loss at step 2500: 1.181701
2024-09-15 17:38:32 INFO     Train loss at step 2500: 0.898687
2024-09-15 17:38:35 INFO     Train positive_sample_loss at step 2600: 0.622036
2024-09-15 17:38:35 INFO     Train negative_sample_loss at step 2600: 1.168396
2024-09-15 17:38:35 INFO     Train loss at step 2600: 0.895216
2024-09-15 17:38:37 INFO     Train positive_sample_loss at step 2700: 0.626016
2024-09-15 17:38:37 INFO     Train negative_sample_loss at step 2700: 1.128137
2024-09-15 17:38:37 INFO     Train loss at step 2700: 0.877077
2024-09-15 17:38:40 INFO     Train positive_sample_loss at step 2800: 0.636227
2024-09-15 17:38:40 INFO     Train negative_sample_loss at step 2800: 1.069218
2024-09-15 17:38:40 INFO     Train loss at step 2800: 0.852722
2024-09-15 17:38:43 INFO     Train positive_sample_loss at step 2900: 0.636689
2024-09-15 17:38:43 INFO     Train negative_sample_loss at step 2900: 1.070375
2024-09-15 17:38:43 INFO     Train loss at step 2900: 0.853532
2024-09-15 17:38:45 INFO     Train positive_sample_loss at step 3000: 0.640979
2024-09-15 17:38:45 INFO     Train negative_sample_loss at step 3000: 1.059554
2024-09-15 17:38:45 INFO     Train loss at step 3000: 0.850267
2024-09-15 17:38:48 INFO     Train positive_sample_loss at step 3100: 0.644178
2024-09-15 17:38:48 INFO     Train negative_sample_loss at step 3100: 1.027349
2024-09-15 17:38:48 INFO     Train loss at step 3100: 0.835764
2024-09-15 17:38:50 INFO     Train positive_sample_loss at step 3200: 0.647457
2024-09-15 17:38:50 INFO     Train negative_sample_loss at step 3200: 1.008236
2024-09-15 17:38:50 INFO     Train loss at step 3200: 0.827846
2024-09-15 17:38:53 INFO     Train positive_sample_loss at step 3300: 0.648762
2024-09-15 17:38:53 INFO     Train negative_sample_loss at step 3300: 1.015680
2024-09-15 17:38:53 INFO     Train loss at step 3300: 0.832221
2024-09-15 17:38:56 INFO     Train positive_sample_loss at step 3400: 0.651571
2024-09-15 17:38:56 INFO     Train negative_sample_loss at step 3400: 0.980361
2024-09-15 17:38:56 INFO     Train loss at step 3400: 0.815966
2024-09-15 17:38:58 INFO     Train positive_sample_loss at step 3500: 0.656587
2024-09-15 17:38:58 INFO     Train negative_sample_loss at step 3500: 0.943142
2024-09-15 17:38:58 INFO     Train loss at step 3500: 0.799865
2024-09-15 17:39:01 INFO     Train positive_sample_loss at step 3600: 0.655782
2024-09-15 17:39:01 INFO     Train negative_sample_loss at step 3600: 0.953549
2024-09-15 17:39:01 INFO     Train loss at step 3600: 0.804665
2024-09-15 17:39:04 INFO     Train positive_sample_loss at step 3700: 0.658094
2024-09-15 17:39:04 INFO     Train negative_sample_loss at step 3700: 0.943124
2024-09-15 17:39:04 INFO     Train loss at step 3700: 0.800609
2024-09-15 17:39:06 INFO     Train positive_sample_loss at step 3800: 0.658993
2024-09-15 17:39:06 INFO     Train negative_sample_loss at step 3800: 0.932315
2024-09-15 17:39:06 INFO     Train loss at step 3800: 0.795654
2024-09-15 17:39:09 INFO     Train positive_sample_loss at step 3900: 0.659691
2024-09-15 17:39:09 INFO     Train negative_sample_loss at step 3900: 0.921886
2024-09-15 17:39:09 INFO     Train loss at step 3900: 0.790788
2024-09-15 17:39:12 INFO     Train positive_sample_loss at step 4000: 0.662922
2024-09-15 17:39:12 INFO     Train negative_sample_loss at step 4000: 0.909114
2024-09-15 17:39:12 INFO     Train loss at step 4000: 0.786018
2024-09-15 17:39:14 INFO     Train positive_sample_loss at step 4100: 0.663947
2024-09-15 17:39:14 INFO     Train negative_sample_loss at step 4100: 0.897437
2024-09-15 17:39:14 INFO     Train loss at step 4100: 0.780692
2024-09-15 17:39:17 INFO     Train positive_sample_loss at step 4200: 0.665757
2024-09-15 17:39:17 INFO     Train negative_sample_loss at step 4200: 0.885136
2024-09-15 17:39:17 INFO     Train loss at step 4200: 0.775446
2024-09-15 17:39:19 INFO     Train positive_sample_loss at step 4300: 0.666947
2024-09-15 17:39:19 INFO     Train negative_sample_loss at step 4300: 0.884382
2024-09-15 17:39:19 INFO     Train loss at step 4300: 0.775665
2024-09-15 17:39:22 INFO     Train positive_sample_loss at step 4400: 0.667390
2024-09-15 17:39:22 INFO     Train negative_sample_loss at step 4400: 0.884822
2024-09-15 17:39:22 INFO     Train loss at step 4400: 0.776106
2024-09-15 17:39:25 INFO     Train positive_sample_loss at step 4500: 0.668313
2024-09-15 17:39:25 INFO     Train negative_sample_loss at step 4500: 0.874762
2024-09-15 17:39:25 INFO     Train loss at step 4500: 0.771538
2024-09-15 17:39:27 INFO     Train positive_sample_loss at step 4600: 0.668331
2024-09-15 17:39:27 INFO     Train negative_sample_loss at step 4600: 0.871849
2024-09-15 17:39:27 INFO     Train loss at step 4600: 0.770090
2024-09-15 17:39:30 INFO     Train positive_sample_loss at step 4700: 0.669421
2024-09-15 17:39:30 INFO     Train negative_sample_loss at step 4700: 0.870239
2024-09-15 17:39:30 INFO     Train loss at step 4700: 0.769830
2024-09-15 17:39:32 INFO     Train positive_sample_loss at step 4800: 0.671890
2024-09-15 17:39:32 INFO     Train negative_sample_loss at step 4800: 0.839722
2024-09-15 17:39:32 INFO     Train loss at step 4800: 0.755806
2024-09-15 17:39:35 INFO     Train positive_sample_loss at step 4900: 0.673175
2024-09-15 17:39:35 INFO     Train negative_sample_loss at step 4900: 0.833658
2024-09-15 17:39:35 INFO     Train loss at step 4900: 0.753416
2024-09-15 17:39:38 INFO     Train positive_sample_loss at step 5000: 0.672163
2024-09-15 17:39:38 INFO     Train negative_sample_loss at step 5000: 0.844674
2024-09-15 17:39:38 INFO     Train loss at step 5000: 0.758419
2024-09-15 17:39:40 INFO     Train positive_sample_loss at step 5100: 0.672588
2024-09-15 17:39:40 INFO     Train negative_sample_loss at step 5100: 0.841610
2024-09-15 17:39:40 INFO     Train loss at step 5100: 0.757099
2024-09-15 17:39:43 INFO     Train positive_sample_loss at step 5200: 0.674362
2024-09-15 17:39:43 INFO     Train negative_sample_loss at step 5200: 0.832638
2024-09-15 17:39:43 INFO     Train loss at step 5200: 0.753500
2024-09-15 17:39:45 INFO     Train positive_sample_loss at step 5300: 0.673659
2024-09-15 17:39:45 INFO     Train negative_sample_loss at step 5300: 0.828683
2024-09-15 17:39:45 INFO     Train loss at step 5300: 0.751171
2024-09-15 17:39:48 INFO     Train positive_sample_loss at step 5400: 0.674388
2024-09-15 17:39:48 INFO     Train negative_sample_loss at step 5400: 0.827615
2024-09-15 17:39:48 INFO     Train loss at step 5400: 0.751002
2024-09-15 17:39:50 INFO     Train positive_sample_loss at step 5500: 0.676122
2024-09-15 17:39:50 INFO     Train negative_sample_loss at step 5500: 0.808165
2024-09-15 17:39:50 INFO     Train loss at step 5500: 0.742143
2024-09-15 17:39:53 INFO     Train positive_sample_loss at step 5600: 0.675501
2024-09-15 17:39:53 INFO     Train negative_sample_loss at step 5600: 0.816190
2024-09-15 17:39:53 INFO     Train loss at step 5600: 0.745845
2024-09-15 17:39:55 INFO     Train positive_sample_loss at step 5700: 0.675727
2024-09-15 17:39:55 INFO     Train negative_sample_loss at step 5700: 0.819441
2024-09-15 17:39:55 INFO     Train loss at step 5700: 0.747584
2024-09-15 17:39:58 INFO     Train positive_sample_loss at step 5800: 0.677334
2024-09-15 17:39:58 INFO     Train negative_sample_loss at step 5800: 0.809613
2024-09-15 17:39:58 INFO     Train loss at step 5800: 0.743473
2024-09-15 17:40:01 INFO     Train positive_sample_loss at step 5900: 0.675618
2024-09-15 17:40:01 INFO     Train negative_sample_loss at step 5900: 0.817658
2024-09-15 17:40:01 INFO     Train loss at step 5900: 0.746638
2024-09-15 17:40:03 INFO     Train positive_sample_loss at step 6000: 0.676831
2024-09-15 17:40:03 INFO     Train negative_sample_loss at step 6000: 0.808964
2024-09-15 17:40:03 INFO     Train loss at step 6000: 0.742897
2024-09-15 17:40:06 INFO     Train positive_sample_loss at step 6100: 0.676691
2024-09-15 17:40:06 INFO     Train negative_sample_loss at step 6100: 0.811054
2024-09-15 17:40:06 INFO     Train loss at step 6100: 0.743872
2024-09-15 17:40:09 INFO     Train positive_sample_loss at step 6200: 0.678074
2024-09-15 17:40:09 INFO     Train negative_sample_loss at step 6200: 0.793969
2024-09-15 17:40:09 INFO     Train loss at step 6200: 0.736021
2024-09-15 17:40:11 INFO     Train positive_sample_loss at step 6300: 0.679285
2024-09-15 17:40:11 INFO     Train negative_sample_loss at step 6300: 0.786966
2024-09-15 17:40:11 INFO     Train loss at step 6300: 0.733125
2024-09-15 17:40:14 INFO     Train positive_sample_loss at step 6400: 0.678939
2024-09-15 17:40:14 INFO     Train negative_sample_loss at step 6400: 0.790374
2024-09-15 17:40:14 INFO     Train loss at step 6400: 0.734656
2024-09-15 17:40:17 INFO     Train positive_sample_loss at step 6500: 0.678503
2024-09-15 17:40:17 INFO     Train negative_sample_loss at step 6500: 0.790937
2024-09-15 17:40:17 INFO     Train loss at step 6500: 0.734720
2024-09-15 17:40:19 INFO     Train positive_sample_loss at step 6600: 0.680001
2024-09-15 17:40:19 INFO     Train negative_sample_loss at step 6600: 0.779897
2024-09-15 17:40:19 INFO     Train loss at step 6600: 0.729949
2024-09-15 17:40:22 INFO     Train positive_sample_loss at step 6700: 0.680008
2024-09-15 17:40:22 INFO     Train negative_sample_loss at step 6700: 0.785538
2024-09-15 17:40:22 INFO     Train loss at step 6700: 0.732773
2024-09-15 17:40:25 INFO     Train positive_sample_loss at step 6800: 0.681412
2024-09-15 17:40:25 INFO     Train negative_sample_loss at step 6800: 0.772894
2024-09-15 17:40:25 INFO     Train loss at step 6800: 0.727153
2024-09-15 17:40:27 INFO     Train positive_sample_loss at step 6900: 0.680263
2024-09-15 17:40:27 INFO     Train negative_sample_loss at step 6900: 0.780321
2024-09-15 17:40:27 INFO     Train loss at step 6900: 0.730292
2024-09-15 17:40:30 INFO     Train positive_sample_loss at step 7000: 0.680622
2024-09-15 17:40:30 INFO     Train negative_sample_loss at step 7000: 0.784158
2024-09-15 17:40:30 INFO     Train loss at step 7000: 0.732390
2024-09-15 17:40:33 INFO     Train positive_sample_loss at step 7100: 0.681874
2024-09-15 17:40:33 INFO     Train negative_sample_loss at step 7100: 0.770697
2024-09-15 17:40:33 INFO     Train loss at step 7100: 0.726286
2024-09-15 17:40:35 INFO     Train positive_sample_loss at step 7200: 0.682389
2024-09-15 17:40:35 INFO     Train negative_sample_loss at step 7200: 0.771022
2024-09-15 17:40:35 INFO     Train loss at step 7200: 0.726705
2024-09-15 17:40:38 INFO     Train positive_sample_loss at step 7300: 0.683299
2024-09-15 17:40:38 INFO     Train negative_sample_loss at step 7300: 0.757915
2024-09-15 17:40:38 INFO     Train loss at step 7300: 0.720607
2024-09-15 17:40:40 INFO     Train positive_sample_loss at step 7400: 0.682100
2024-09-15 17:40:40 INFO     Train negative_sample_loss at step 7400: 0.764653
2024-09-15 17:40:40 INFO     Train loss at step 7400: 0.723377
2024-09-15 17:40:43 INFO     Train positive_sample_loss at step 7500: 0.682791
2024-09-15 17:40:43 INFO     Train negative_sample_loss at step 7500: 0.763644
2024-09-15 17:40:43 INFO     Train loss at step 7500: 0.723217
2024-09-15 17:40:46 INFO     Train positive_sample_loss at step 7600: 0.682875
2024-09-15 17:40:46 INFO     Train negative_sample_loss at step 7600: 0.763904
2024-09-15 17:40:46 INFO     Train loss at step 7600: 0.723390
2024-09-15 17:40:48 INFO     Train positive_sample_loss at step 7700: 0.683077
2024-09-15 17:40:48 INFO     Train negative_sample_loss at step 7700: 0.765126
2024-09-15 17:40:48 INFO     Train loss at step 7700: 0.724101
2024-09-15 17:40:51 INFO     Train positive_sample_loss at step 7800: 0.684024
2024-09-15 17:40:51 INFO     Train negative_sample_loss at step 7800: 0.760586
2024-09-15 17:40:51 INFO     Train loss at step 7800: 0.722305
2024-09-15 17:40:54 INFO     Train positive_sample_loss at step 7900: 0.682821
2024-09-15 17:40:54 INFO     Train negative_sample_loss at step 7900: 0.765342
2024-09-15 17:40:54 INFO     Train loss at step 7900: 0.724081
2024-09-15 17:40:56 INFO     Train positive_sample_loss at step 8000: 0.682938
2024-09-15 17:40:56 INFO     Train negative_sample_loss at step 8000: 0.762786
2024-09-15 17:40:56 INFO     Train loss at step 8000: 0.722862
2024-09-15 17:40:59 INFO     Train positive_sample_loss at step 8100: 0.683876
2024-09-15 17:40:59 INFO     Train negative_sample_loss at step 8100: 0.755759
2024-09-15 17:40:59 INFO     Train loss at step 8100: 0.719817
2024-09-15 17:41:02 INFO     Train positive_sample_loss at step 8200: 0.684417
2024-09-15 17:41:02 INFO     Train negative_sample_loss at step 8200: 0.753605
2024-09-15 17:41:02 INFO     Train loss at step 8200: 0.719011
2024-09-15 17:41:04 INFO     Train positive_sample_loss at step 8300: 0.684223
2024-09-15 17:41:04 INFO     Train negative_sample_loss at step 8300: 0.749131
2024-09-15 17:41:04 INFO     Train loss at step 8300: 0.716677
2024-09-15 17:41:06 INFO     Train positive_sample_loss at step 8400: 0.684614
2024-09-15 17:41:06 INFO     Train negative_sample_loss at step 8400: 0.753086
2024-09-15 17:41:06 INFO     Train loss at step 8400: 0.718850
2024-09-15 17:41:09 INFO     Train positive_sample_loss at step 8500: 0.684171
2024-09-15 17:41:09 INFO     Train negative_sample_loss at step 8500: 0.752081
2024-09-15 17:41:09 INFO     Train loss at step 8500: 0.718126
2024-09-15 17:41:11 INFO     Train positive_sample_loss at step 8600: 0.684558
2024-09-15 17:41:11 INFO     Train negative_sample_loss at step 8600: 0.749670
2024-09-15 17:41:11 INFO     Train loss at step 8600: 0.717114
2024-09-15 17:41:14 INFO     Train positive_sample_loss at step 8700: 0.684111
2024-09-15 17:41:14 INFO     Train negative_sample_loss at step 8700: 0.755433
2024-09-15 17:41:14 INFO     Train loss at step 8700: 0.719772
2024-09-15 17:41:16 INFO     Train positive_sample_loss at step 8800: 0.685116
2024-09-15 17:41:16 INFO     Train negative_sample_loss at step 8800: 0.746908
2024-09-15 17:41:16 INFO     Train loss at step 8800: 0.716012
2024-09-15 17:41:19 INFO     Train positive_sample_loss at step 8900: 0.684726
2024-09-15 17:41:19 INFO     Train negative_sample_loss at step 8900: 0.748327
2024-09-15 17:41:19 INFO     Train loss at step 8900: 0.716526
2024-09-15 17:41:21 INFO     Train positive_sample_loss at step 9000: 0.684940
2024-09-15 17:41:21 INFO     Train negative_sample_loss at step 9000: 0.748042
2024-09-15 17:41:21 INFO     Train loss at step 9000: 0.716491
2024-09-15 17:41:24 INFO     Train positive_sample_loss at step 9100: 0.686645
2024-09-15 17:41:24 INFO     Train negative_sample_loss at step 9100: 0.737017
2024-09-15 17:41:24 INFO     Train loss at step 9100: 0.711831
2024-09-15 17:41:27 INFO     Train positive_sample_loss at step 9200: 0.686344
2024-09-15 17:41:27 INFO     Train negative_sample_loss at step 9200: 0.737951
2024-09-15 17:41:27 INFO     Train loss at step 9200: 0.712148
2024-09-15 17:41:29 INFO     Train positive_sample_loss at step 9300: 0.685662
2024-09-15 17:41:29 INFO     Train negative_sample_loss at step 9300: 0.740689
2024-09-15 17:41:29 INFO     Train loss at step 9300: 0.713176
2024-09-15 17:41:32 INFO     Train positive_sample_loss at step 9400: 0.686405
2024-09-15 17:41:32 INFO     Train negative_sample_loss at step 9400: 0.735912
2024-09-15 17:41:32 INFO     Train loss at step 9400: 0.711158
2024-09-15 17:41:35 INFO     Train positive_sample_loss at step 9500: 0.686529
2024-09-15 17:41:35 INFO     Train negative_sample_loss at step 9500: 0.734956
2024-09-15 17:41:35 INFO     Train loss at step 9500: 0.710743
2024-09-15 17:41:37 INFO     Train positive_sample_loss at step 9600: 0.686388
2024-09-15 17:41:37 INFO     Train negative_sample_loss at step 9600: 0.736515
2024-09-15 17:41:37 INFO     Train loss at step 9600: 0.711452
2024-09-15 17:41:40 INFO     Train positive_sample_loss at step 9700: 0.685757
2024-09-15 17:41:40 INFO     Train negative_sample_loss at step 9700: 0.747960
2024-09-15 17:41:40 INFO     Train loss at step 9700: 0.716858
2024-09-15 17:41:42 INFO     Train positive_sample_loss at step 9800: 0.686933
2024-09-15 17:41:42 INFO     Train negative_sample_loss at step 9800: 0.734113
2024-09-15 17:41:42 INFO     Train loss at step 9800: 0.710523
2024-09-15 17:41:45 INFO     Train positive_sample_loss at step 9900: 0.687434
2024-09-15 17:41:45 INFO     Train negative_sample_loss at step 9900: 0.729326
2024-09-15 17:41:45 INFO     Train loss at step 9900: 0.708380
2024-09-15 17:41:48 INFO     Train positive_sample_loss at step 10000: 0.686976
2024-09-15 17:41:48 INFO     Train negative_sample_loss at step 10000: 0.730415
2024-09-15 17:41:48 INFO     Train loss at step 10000: 0.708696
2024-09-15 17:41:48 INFO     Evaluating the model... (0/26842)
2024-09-15 17:41:52 INFO     Evaluating the model... (1000/26842)
2024-09-15 17:41:57 INFO     Evaluating the model... (2000/26842)
2024-09-15 17:42:02 INFO     Evaluating the model... (3000/26842)
2024-09-15 17:42:06 INFO     Evaluating the model... (4000/26842)
2024-09-15 17:42:09 INFO     Evaluating the model... (5000/26842)
2024-09-15 17:42:13 INFO     Evaluating the model... (6000/26842)
2024-09-15 17:42:17 INFO     Evaluating the model... (7000/26842)
2024-09-15 17:42:20 INFO     Evaluating the model... (8000/26842)
2024-09-15 17:42:24 INFO     Evaluating the model... (9000/26842)
2024-09-15 17:42:28 INFO     Evaluating the model... (10000/26842)
2024-09-15 17:42:31 INFO     Evaluating the model... (11000/26842)
2024-09-15 17:42:35 INFO     Evaluating the model... (12000/26842)
2024-09-15 17:42:39 INFO     Evaluating the model... (13000/26842)
2024-09-15 17:42:43 INFO     Evaluating the model... (14000/26842)
2024-09-15 17:42:47 INFO     Evaluating the model... (15000/26842)
2024-09-15 17:42:50 INFO     Evaluating the model... (16000/26842)
2024-09-15 17:42:54 INFO     Evaluating the model... (17000/26842)
2024-09-15 17:42:58 INFO     Evaluating the model... (18000/26842)
2024-09-15 17:43:02 INFO     Evaluating the model... (19000/26842)
2024-09-15 17:43:05 INFO     Evaluating the model... (20000/26842)
2024-09-15 17:43:09 INFO     Evaluating the model... (21000/26842)
2024-09-15 17:43:13 INFO     Evaluating the model... (22000/26842)
2024-09-15 17:43:17 INFO     Evaluating the model... (23000/26842)
2024-09-15 17:43:20 INFO     Evaluating the model... (24000/26842)
2024-09-15 17:43:24 INFO     Evaluating the model... (25000/26842)
2024-09-15 17:43:28 INFO     Evaluating the model... (26000/26842)
2024-09-15 17:43:32 INFO     Valid hits@1_list at step 10000: 0.000114
2024-09-15 17:43:32 INFO     Valid hits@3_list at step 10000: 0.000311
2024-09-15 17:43:32 INFO     Valid hits@10_list at step 10000: 0.004374
2024-09-15 17:43:32 INFO     Valid mrr_list at step 10000: 0.005654
2024-09-15 17:43:34 INFO     Train positive_sample_loss at step 10100: 0.686531
2024-09-15 17:43:34 INFO     Train negative_sample_loss at step 10100: 0.734707
2024-09-15 17:43:34 INFO     Train loss at step 10100: 0.710619
2024-09-15 17:43:37 INFO     Train positive_sample_loss at step 10200: 0.686370
2024-09-15 17:43:37 INFO     Train negative_sample_loss at step 10200: 0.737020
2024-09-15 17:43:37 INFO     Train loss at step 10200: 0.711695
2024-09-15 17:43:40 INFO     Train positive_sample_loss at step 10300: 0.687229
2024-09-15 17:43:40 INFO     Train negative_sample_loss at step 10300: 0.728217
2024-09-15 17:43:40 INFO     Train loss at step 10300: 0.707723
2024-09-15 17:43:42 INFO     Train positive_sample_loss at step 10400: 0.687460
2024-09-15 17:43:42 INFO     Train negative_sample_loss at step 10400: 0.733783
2024-09-15 17:43:42 INFO     Train loss at step 10400: 0.710622
2024-09-15 17:43:45 INFO     Train positive_sample_loss at step 10500: 0.688265
2024-09-15 17:43:45 INFO     Train negative_sample_loss at step 10500: 0.723693
2024-09-15 17:43:45 INFO     Train loss at step 10500: 0.705979
2024-09-15 17:43:47 INFO     Train positive_sample_loss at step 10600: 0.686982
2024-09-15 17:43:47 INFO     Train negative_sample_loss at step 10600: 0.736418
2024-09-15 17:43:47 INFO     Train loss at step 10600: 0.711700
2024-09-15 17:43:50 INFO     Train positive_sample_loss at step 10700: 0.686988
2024-09-15 17:43:50 INFO     Train negative_sample_loss at step 10700: 0.734474
2024-09-15 17:43:50 INFO     Train loss at step 10700: 0.710731
2024-09-15 17:43:52 INFO     Train positive_sample_loss at step 10800: 0.687908
2024-09-15 17:43:52 INFO     Train negative_sample_loss at step 10800: 0.730373
2024-09-15 17:43:52 INFO     Train loss at step 10800: 0.709141
2024-09-15 17:43:55 INFO     Train positive_sample_loss at step 10900: 0.687245
2024-09-15 17:43:55 INFO     Train negative_sample_loss at step 10900: 0.730903
2024-09-15 17:43:55 INFO     Train loss at step 10900: 0.709074
2024-09-15 17:43:57 INFO     Train positive_sample_loss at step 11000: 0.688036
2024-09-15 17:43:57 INFO     Train negative_sample_loss at step 11000: 0.727694
2024-09-15 17:43:57 INFO     Train loss at step 11000: 0.707865
2024-09-15 17:44:00 INFO     Train positive_sample_loss at step 11100: 0.687831
2024-09-15 17:44:00 INFO     Train negative_sample_loss at step 11100: 0.730903
2024-09-15 17:44:00 INFO     Train loss at step 11100: 0.709367
2024-09-15 17:44:02 INFO     Train positive_sample_loss at step 11200: 0.687617
2024-09-15 17:44:02 INFO     Train negative_sample_loss at step 11200: 0.729090
2024-09-15 17:44:02 INFO     Train loss at step 11200: 0.708354
2024-09-15 17:44:05 INFO     Train positive_sample_loss at step 11300: 0.686979
2024-09-15 17:44:05 INFO     Train negative_sample_loss at step 11300: 0.734536
2024-09-15 17:44:05 INFO     Train loss at step 11300: 0.710758
2024-09-15 17:44:08 INFO     Train positive_sample_loss at step 11400: 0.688848
2024-09-15 17:44:08 INFO     Train negative_sample_loss at step 11400: 0.718356
2024-09-15 17:44:08 INFO     Train loss at step 11400: 0.703602
2024-09-15 17:44:10 INFO     Train positive_sample_loss at step 11500: 0.687727
2024-09-15 17:44:10 INFO     Train negative_sample_loss at step 11500: 0.729761
2024-09-15 17:44:10 INFO     Train loss at step 11500: 0.708744
2024-09-15 17:44:13 INFO     Train positive_sample_loss at step 11600: 0.687760
2024-09-15 17:44:13 INFO     Train negative_sample_loss at step 11600: 0.727658
2024-09-15 17:44:13 INFO     Train loss at step 11600: 0.707709
2024-09-15 17:44:16 INFO     Train positive_sample_loss at step 11700: 0.688610
2024-09-15 17:44:16 INFO     Train negative_sample_loss at step 11700: 0.722592
2024-09-15 17:44:16 INFO     Train loss at step 11700: 0.705601
2024-09-15 17:44:18 INFO     Train positive_sample_loss at step 11800: 0.688705
2024-09-15 17:44:18 INFO     Train negative_sample_loss at step 11800: 0.724172
2024-09-15 17:44:18 INFO     Train loss at step 11800: 0.706439
2024-09-15 17:44:21 INFO     Train positive_sample_loss at step 11900: 0.688290
2024-09-15 17:44:21 INFO     Train negative_sample_loss at step 11900: 0.725170
2024-09-15 17:44:21 INFO     Train loss at step 11900: 0.706730
2024-09-15 17:44:23 INFO     Train positive_sample_loss at step 12000: 0.688778
2024-09-15 17:44:23 INFO     Train negative_sample_loss at step 12000: 0.718722
2024-09-15 17:44:23 INFO     Train loss at step 12000: 0.703750
2024-09-15 17:44:26 INFO     Train positive_sample_loss at step 12100: 0.688775
2024-09-15 17:44:26 INFO     Train negative_sample_loss at step 12100: 0.720657
2024-09-15 17:44:26 INFO     Train loss at step 12100: 0.704716
2024-09-15 17:44:29 INFO     Train positive_sample_loss at step 12200: 0.689110
2024-09-15 17:44:29 INFO     Train negative_sample_loss at step 12200: 0.721878
2024-09-15 17:44:29 INFO     Train loss at step 12200: 0.705494
2024-09-15 17:44:31 INFO     Train positive_sample_loss at step 12300: 0.689067
2024-09-15 17:44:31 INFO     Train negative_sample_loss at step 12300: 0.721220
2024-09-15 17:44:31 INFO     Train loss at step 12300: 0.705144
2024-09-15 17:44:34 INFO     Train positive_sample_loss at step 12400: 0.688345
2024-09-15 17:44:34 INFO     Train negative_sample_loss at step 12400: 0.725491
2024-09-15 17:44:34 INFO     Train loss at step 12400: 0.706918
2024-09-15 17:44:37 INFO     Train positive_sample_loss at step 12500: 0.688791
2024-09-15 17:44:37 INFO     Train negative_sample_loss at step 12500: 0.720641
2024-09-15 17:44:37 INFO     Train loss at step 12500: 0.704716
2024-09-15 17:44:39 INFO     Train positive_sample_loss at step 12600: 0.689478
2024-09-15 17:44:39 INFO     Train negative_sample_loss at step 12600: 0.719547
2024-09-15 17:44:39 INFO     Train loss at step 12600: 0.704513
2024-09-15 17:44:42 INFO     Train positive_sample_loss at step 12700: 0.689217
2024-09-15 17:44:42 INFO     Train negative_sample_loss at step 12700: 0.714716
2024-09-15 17:44:42 INFO     Train loss at step 12700: 0.701967
2024-09-15 17:44:45 INFO     Train positive_sample_loss at step 12800: 0.688900
2024-09-15 17:44:45 INFO     Train negative_sample_loss at step 12800: 0.726475
2024-09-15 17:44:45 INFO     Train loss at step 12800: 0.707687
2024-09-15 17:44:47 INFO     Train positive_sample_loss at step 12900: 0.688823
2024-09-15 17:44:47 INFO     Train negative_sample_loss at step 12900: 0.722205
2024-09-15 17:44:47 INFO     Train loss at step 12900: 0.705514
2024-09-15 17:44:50 INFO     Train positive_sample_loss at step 13000: 0.688935
2024-09-15 17:44:50 INFO     Train negative_sample_loss at step 13000: 0.719847
2024-09-15 17:44:50 INFO     Train loss at step 13000: 0.704391
2024-09-15 17:44:53 INFO     Train positive_sample_loss at step 13100: 0.688510
2024-09-15 17:44:53 INFO     Train negative_sample_loss at step 13100: 0.721853
2024-09-15 17:44:53 INFO     Train loss at step 13100: 0.705181
2024-09-15 17:44:55 INFO     Train positive_sample_loss at step 13200: 0.688965
2024-09-15 17:44:55 INFO     Train negative_sample_loss at step 13200: 0.720129
2024-09-15 17:44:55 INFO     Train loss at step 13200: 0.704547
2024-09-15 17:44:58 INFO     Train positive_sample_loss at step 13300: 0.689559
2024-09-15 17:44:58 INFO     Train negative_sample_loss at step 13300: 0.715075
2024-09-15 17:44:58 INFO     Train loss at step 13300: 0.702317
2024-09-15 17:45:01 INFO     Train positive_sample_loss at step 13400: 0.689002
2024-09-15 17:45:01 INFO     Train negative_sample_loss at step 13400: 0.723206
2024-09-15 17:45:01 INFO     Train loss at step 13400: 0.706104
2024-09-15 17:45:03 INFO     Train positive_sample_loss at step 13500: 0.689669
2024-09-15 17:45:03 INFO     Train negative_sample_loss at step 13500: 0.711133
2024-09-15 17:45:03 INFO     Train loss at step 13500: 0.700401
2024-09-15 17:45:06 INFO     Train positive_sample_loss at step 13600: 0.689560
2024-09-15 17:45:06 INFO     Train negative_sample_loss at step 13600: 0.717305
2024-09-15 17:45:06 INFO     Train loss at step 13600: 0.703432
2024-09-15 17:45:08 INFO     Train positive_sample_loss at step 13700: 0.690078
2024-09-15 17:45:08 INFO     Train negative_sample_loss at step 13700: 0.709919
2024-09-15 17:45:08 INFO     Train loss at step 13700: 0.699998
2024-09-15 17:45:11 INFO     Train positive_sample_loss at step 13800: 0.690146
2024-09-15 17:45:11 INFO     Train negative_sample_loss at step 13800: 0.712102
2024-09-15 17:45:11 INFO     Train loss at step 13800: 0.701124
2024-09-15 17:45:14 INFO     Train positive_sample_loss at step 13900: 0.689810
2024-09-15 17:45:14 INFO     Train negative_sample_loss at step 13900: 0.714369
2024-09-15 17:45:14 INFO     Train loss at step 13900: 0.702090
2024-09-15 17:45:16 INFO     Train positive_sample_loss at step 14000: 0.689335
2024-09-15 17:45:16 INFO     Train negative_sample_loss at step 14000: 0.715543
2024-09-15 17:45:16 INFO     Train loss at step 14000: 0.702439
2024-09-15 17:45:19 INFO     Train positive_sample_loss at step 14100: 0.689199
2024-09-15 17:45:19 INFO     Train negative_sample_loss at step 14100: 0.715890
2024-09-15 17:45:19 INFO     Train loss at step 14100: 0.702544
2024-09-15 17:45:21 INFO     Train positive_sample_loss at step 14200: 0.689645
2024-09-15 17:45:21 INFO     Train negative_sample_loss at step 14200: 0.718409
2024-09-15 17:45:21 INFO     Train loss at step 14200: 0.704027
2024-09-15 17:45:24 INFO     Train positive_sample_loss at step 14300: 0.690331
2024-09-15 17:45:24 INFO     Train negative_sample_loss at step 14300: 0.708060
2024-09-15 17:45:24 INFO     Train loss at step 14300: 0.699196
2024-09-15 17:45:27 INFO     Train positive_sample_loss at step 14400: 0.689618
2024-09-15 17:45:27 INFO     Train negative_sample_loss at step 14400: 0.717093
2024-09-15 17:45:27 INFO     Train loss at step 14400: 0.703356
2024-09-15 17:45:29 INFO     Train positive_sample_loss at step 14500: 0.690745
2024-09-15 17:45:29 INFO     Train negative_sample_loss at step 14500: 0.706259
2024-09-15 17:45:29 INFO     Train loss at step 14500: 0.698502
2024-09-15 17:45:32 INFO     Train positive_sample_loss at step 14600: 0.690938
2024-09-15 17:45:32 INFO     Train negative_sample_loss at step 14600: 0.706789
2024-09-15 17:45:32 INFO     Train loss at step 14600: 0.698864
2024-09-15 17:45:35 INFO     Train positive_sample_loss at step 14700: 0.689467
2024-09-15 17:45:35 INFO     Train negative_sample_loss at step 14700: 0.714457
2024-09-15 17:45:35 INFO     Train loss at step 14700: 0.701962
2024-09-15 17:45:37 INFO     Train positive_sample_loss at step 14800: 0.690029
2024-09-15 17:45:37 INFO     Train negative_sample_loss at step 14800: 0.713090
2024-09-15 17:45:37 INFO     Train loss at step 14800: 0.701560
2024-09-15 17:45:40 INFO     Train positive_sample_loss at step 14900: 0.690155
2024-09-15 17:45:40 INFO     Train negative_sample_loss at step 14900: 0.711638
2024-09-15 17:45:40 INFO     Train loss at step 14900: 0.700897
2024-09-15 17:45:42 INFO     Train positive_sample_loss at step 15000: 0.689849
2024-09-15 17:45:42 INFO     Train negative_sample_loss at step 15000: 0.711113
2024-09-15 17:45:42 INFO     Train loss at step 15000: 0.700481
2024-09-15 17:45:45 INFO     Train positive_sample_loss at step 15100: 0.690397
2024-09-15 17:45:45 INFO     Train negative_sample_loss at step 15100: 0.712646
2024-09-15 17:45:45 INFO     Train loss at step 15100: 0.701521
2024-09-15 17:45:48 INFO     Train positive_sample_loss at step 15200: 0.689933
2024-09-15 17:45:48 INFO     Train negative_sample_loss at step 15200: 0.713246
2024-09-15 17:45:48 INFO     Train loss at step 15200: 0.701589
2024-09-15 17:45:50 INFO     Train positive_sample_loss at step 15300: 0.690488
2024-09-15 17:45:50 INFO     Train negative_sample_loss at step 15300: 0.706642
2024-09-15 17:45:50 INFO     Train loss at step 15300: 0.698565
2024-09-15 17:45:53 INFO     Train positive_sample_loss at step 15400: 0.690931
2024-09-15 17:45:53 INFO     Train negative_sample_loss at step 15400: 0.708947
2024-09-15 17:45:53 INFO     Train loss at step 15400: 0.699939
2024-09-15 17:45:56 INFO     Train positive_sample_loss at step 15500: 0.690728
2024-09-15 17:45:56 INFO     Train negative_sample_loss at step 15500: 0.712497
2024-09-15 17:45:56 INFO     Train loss at step 15500: 0.701613
2024-09-15 17:45:58 INFO     Train positive_sample_loss at step 15600: 0.691217
2024-09-15 17:45:58 INFO     Train negative_sample_loss at step 15600: 0.703898
2024-09-15 17:45:58 INFO     Train loss at step 15600: 0.697557
2024-09-15 17:46:01 INFO     Train positive_sample_loss at step 15700: 0.691178
2024-09-15 17:46:01 INFO     Train negative_sample_loss at step 15700: 0.704219
2024-09-15 17:46:01 INFO     Train loss at step 15700: 0.697699
2024-09-15 17:46:04 INFO     Train positive_sample_loss at step 15800: 0.691114
2024-09-15 17:46:04 INFO     Train negative_sample_loss at step 15800: 0.705731
2024-09-15 17:46:04 INFO     Train loss at step 15800: 0.698422
2024-09-15 17:46:06 INFO     Train positive_sample_loss at step 15900: 0.689970
2024-09-15 17:46:06 INFO     Train negative_sample_loss at step 15900: 0.710967
2024-09-15 17:46:06 INFO     Train loss at step 15900: 0.700469
2024-09-15 17:46:09 INFO     Train positive_sample_loss at step 16000: 0.690670
2024-09-15 17:46:09 INFO     Train negative_sample_loss at step 16000: 0.709433
2024-09-15 17:46:09 INFO     Train loss at step 16000: 0.700052
2024-09-15 17:46:11 INFO     Train positive_sample_loss at step 16100: 0.690804
2024-09-15 17:46:11 INFO     Train negative_sample_loss at step 16100: 0.710284
2024-09-15 17:46:11 INFO     Train loss at step 16100: 0.700544
2024-09-15 17:46:14 INFO     Train positive_sample_loss at step 16200: 0.690771
2024-09-15 17:46:14 INFO     Train negative_sample_loss at step 16200: 0.708609
2024-09-15 17:46:14 INFO     Train loss at step 16200: 0.699690
2024-09-15 17:46:16 INFO     Train positive_sample_loss at step 16300: 0.690508
2024-09-15 17:46:16 INFO     Train negative_sample_loss at step 16300: 0.710539
2024-09-15 17:46:16 INFO     Train loss at step 16300: 0.700523
2024-09-15 17:46:19 INFO     Train positive_sample_loss at step 16400: 0.690927
2024-09-15 17:46:19 INFO     Train negative_sample_loss at step 16400: 0.707271
2024-09-15 17:46:19 INFO     Train loss at step 16400: 0.699099
2024-09-15 17:46:21 INFO     Train positive_sample_loss at step 16500: 0.690485
2024-09-15 17:46:21 INFO     Train negative_sample_loss at step 16500: 0.712063
2024-09-15 17:46:21 INFO     Train loss at step 16500: 0.701274
2024-09-15 17:46:24 INFO     Train positive_sample_loss at step 16600: 0.690972
2024-09-15 17:46:24 INFO     Train negative_sample_loss at step 16600: 0.707613
2024-09-15 17:46:24 INFO     Train loss at step 16600: 0.699292
2024-09-15 17:46:27 INFO     Train positive_sample_loss at step 16700: 0.690785
2024-09-15 17:46:27 INFO     Train negative_sample_loss at step 16700: 0.708306
2024-09-15 17:46:27 INFO     Train loss at step 16700: 0.699546
2024-09-15 17:46:29 INFO     Train positive_sample_loss at step 16800: 0.690900
2024-09-15 17:46:29 INFO     Train negative_sample_loss at step 16800: 0.706817
2024-09-15 17:46:29 INFO     Train loss at step 16800: 0.698859
2024-09-15 17:46:32 INFO     Train positive_sample_loss at step 16900: 0.691118
2024-09-15 17:46:32 INFO     Train negative_sample_loss at step 16900: 0.707004
2024-09-15 17:46:32 INFO     Train loss at step 16900: 0.699061
2024-09-15 17:46:34 INFO     Train positive_sample_loss at step 17000: 0.691497
2024-09-15 17:46:34 INFO     Train negative_sample_loss at step 17000: 0.704114
2024-09-15 17:46:34 INFO     Train loss at step 17000: 0.697806
2024-09-15 17:46:37 INFO     Train positive_sample_loss at step 17100: 0.691251
2024-09-15 17:46:37 INFO     Train negative_sample_loss at step 17100: 0.706367
2024-09-15 17:46:37 INFO     Train loss at step 17100: 0.698809
2024-09-15 17:46:39 INFO     Train positive_sample_loss at step 17200: 0.691364
2024-09-15 17:46:39 INFO     Train negative_sample_loss at step 17200: 0.704157
2024-09-15 17:46:39 INFO     Train loss at step 17200: 0.697760
2024-09-15 17:46:42 INFO     Train positive_sample_loss at step 17300: 0.691141
2024-09-15 17:46:42 INFO     Train negative_sample_loss at step 17300: 0.707253
2024-09-15 17:46:42 INFO     Train loss at step 17300: 0.699197
2024-09-15 17:46:44 INFO     Train positive_sample_loss at step 17400: 0.691180
2024-09-15 17:46:44 INFO     Train negative_sample_loss at step 17400: 0.707676
2024-09-15 17:46:44 INFO     Train loss at step 17400: 0.699428
2024-09-15 17:46:47 INFO     Train positive_sample_loss at step 17500: 0.691268
2024-09-15 17:46:47 INFO     Train negative_sample_loss at step 17500: 0.706522
2024-09-15 17:46:47 INFO     Train loss at step 17500: 0.698895
2024-09-15 17:46:50 INFO     Train positive_sample_loss at step 17600: 0.691299
2024-09-15 17:46:50 INFO     Train negative_sample_loss at step 17600: 0.704902
2024-09-15 17:46:50 INFO     Train loss at step 17600: 0.698100
2024-09-15 17:46:52 INFO     Train positive_sample_loss at step 17700: 0.691377
2024-09-15 17:46:52 INFO     Train negative_sample_loss at step 17700: 0.705183
2024-09-15 17:46:52 INFO     Train loss at step 17700: 0.698280
2024-09-15 17:46:55 INFO     Train positive_sample_loss at step 17800: 0.692132
2024-09-15 17:46:55 INFO     Train negative_sample_loss at step 17800: 0.701509
2024-09-15 17:46:55 INFO     Train loss at step 17800: 0.696821
2024-09-15 17:46:57 INFO     Train positive_sample_loss at step 17900: 0.691345
2024-09-15 17:46:57 INFO     Train negative_sample_loss at step 17900: 0.705236
2024-09-15 17:46:57 INFO     Train loss at step 17900: 0.698291
2024-09-15 17:47:00 INFO     Train positive_sample_loss at step 18000: 0.691791
2024-09-15 17:47:00 INFO     Train negative_sample_loss at step 18000: 0.701039
2024-09-15 17:47:00 INFO     Train loss at step 18000: 0.696415
2024-09-15 17:47:02 INFO     Train positive_sample_loss at step 18100: 0.691837
2024-09-15 17:47:02 INFO     Train negative_sample_loss at step 18100: 0.700431
2024-09-15 17:47:02 INFO     Train loss at step 18100: 0.696134
2024-09-15 17:47:05 INFO     Train positive_sample_loss at step 18200: 0.691453
2024-09-15 17:47:05 INFO     Train negative_sample_loss at step 18200: 0.704565
2024-09-15 17:47:05 INFO     Train loss at step 18200: 0.698009
2024-09-15 17:47:08 INFO     Train positive_sample_loss at step 18300: 0.691852
2024-09-15 17:47:08 INFO     Train negative_sample_loss at step 18300: 0.701962
2024-09-15 17:47:08 INFO     Train loss at step 18300: 0.696907
2024-09-15 17:47:10 INFO     Train positive_sample_loss at step 18400: 0.691189
2024-09-15 17:47:10 INFO     Train negative_sample_loss at step 18400: 0.708166
2024-09-15 17:47:10 INFO     Train loss at step 18400: 0.699678
2024-09-15 17:47:13 INFO     Train positive_sample_loss at step 18500: 0.691295
2024-09-15 17:47:13 INFO     Train negative_sample_loss at step 18500: 0.708592
2024-09-15 17:47:13 INFO     Train loss at step 18500: 0.699944
2024-09-15 17:47:15 INFO     Train positive_sample_loss at step 18600: 0.691657
2024-09-15 17:47:15 INFO     Train negative_sample_loss at step 18600: 0.703048
2024-09-15 17:47:15 INFO     Train loss at step 18600: 0.697352
2024-09-15 17:47:18 INFO     Train positive_sample_loss at step 18700: 0.691473
2024-09-15 17:47:18 INFO     Train negative_sample_loss at step 18700: 0.705747
2024-09-15 17:47:18 INFO     Train loss at step 18700: 0.698610
2024-09-15 17:47:20 INFO     Train positive_sample_loss at step 18800: 0.691854
2024-09-15 17:47:20 INFO     Train negative_sample_loss at step 18800: 0.701640
2024-09-15 17:47:20 INFO     Train loss at step 18800: 0.696747
2024-09-15 17:47:23 INFO     Train positive_sample_loss at step 18900: 0.691693
2024-09-15 17:47:23 INFO     Train negative_sample_loss at step 18900: 0.705439
2024-09-15 17:47:23 INFO     Train loss at step 18900: 0.698566
2024-09-15 17:47:26 INFO     Train positive_sample_loss at step 19000: 0.691692
2024-09-15 17:47:26 INFO     Train negative_sample_loss at step 19000: 0.703259
2024-09-15 17:47:26 INFO     Train loss at step 19000: 0.697475
2024-09-15 17:47:28 INFO     Train positive_sample_loss at step 19100: 0.691587
2024-09-15 17:47:28 INFO     Train negative_sample_loss at step 19100: 0.705439
2024-09-15 17:47:28 INFO     Train loss at step 19100: 0.698513
2024-09-15 17:47:31 INFO     Train positive_sample_loss at step 19200: 0.692057
2024-09-15 17:47:31 INFO     Train negative_sample_loss at step 19200: 0.699721
2024-09-15 17:47:31 INFO     Train loss at step 19200: 0.695889
2024-09-15 17:47:34 INFO     Train positive_sample_loss at step 19300: 0.691553
2024-09-15 17:47:34 INFO     Train negative_sample_loss at step 19300: 0.705673
2024-09-15 17:47:34 INFO     Train loss at step 19300: 0.698613
2024-09-15 17:47:36 INFO     Train positive_sample_loss at step 19400: 0.690882
2024-09-15 17:47:36 INFO     Train negative_sample_loss at step 19400: 0.710525
2024-09-15 17:47:36 INFO     Train loss at step 19400: 0.700703
2024-09-15 17:47:39 INFO     Train positive_sample_loss at step 19500: 0.691735
2024-09-15 17:47:39 INFO     Train negative_sample_loss at step 19500: 0.703437
2024-09-15 17:47:39 INFO     Train loss at step 19500: 0.697586
2024-09-15 17:47:42 INFO     Train positive_sample_loss at step 19600: 0.691437
2024-09-15 17:47:42 INFO     Train negative_sample_loss at step 19600: 0.708075
2024-09-15 17:47:42 INFO     Train loss at step 19600: 0.699756
2024-09-15 17:47:44 INFO     Train positive_sample_loss at step 19700: 0.691787
2024-09-15 17:47:44 INFO     Train negative_sample_loss at step 19700: 0.701420
2024-09-15 17:47:44 INFO     Train loss at step 19700: 0.696604
2024-09-15 17:47:47 INFO     Train positive_sample_loss at step 19800: 0.691837
2024-09-15 17:47:47 INFO     Train negative_sample_loss at step 19800: 0.700672
2024-09-15 17:47:47 INFO     Train loss at step 19800: 0.696255
2024-09-15 17:47:50 INFO     Train positive_sample_loss at step 19900: 0.691446
2024-09-15 17:47:50 INFO     Train negative_sample_loss at step 19900: 0.706817
2024-09-15 17:47:50 INFO     Train loss at step 19900: 0.699132
2024-09-15 17:47:52 INFO     Train positive_sample_loss at step 20000: 0.691703
2024-09-15 17:47:52 INFO     Train negative_sample_loss at step 20000: 0.705593
2024-09-15 17:47:52 INFO     Train loss at step 20000: 0.698648
2024-09-15 17:47:53 INFO     Evaluating the model... (0/26842)
2024-09-15 17:47:56 INFO     Evaluating the model... (1000/26842)
2024-09-15 17:48:00 INFO     Evaluating the model... (2000/26842)
2024-09-15 17:48:04 INFO     Evaluating the model... (3000/26842)
2024-09-15 17:48:07 INFO     Evaluating the model... (4000/26842)
2024-09-15 17:48:11 INFO     Evaluating the model... (5000/26842)
2024-09-15 17:48:15 INFO     Evaluating the model... (6000/26842)
2024-09-15 17:48:19 INFO     Evaluating the model... (7000/26842)
2024-09-15 17:48:22 INFO     Evaluating the model... (8000/26842)
2024-09-15 17:48:26 INFO     Evaluating the model... (9000/26842)
2024-09-15 17:48:30 INFO     Evaluating the model... (10000/26842)
2024-09-15 17:48:33 INFO     Evaluating the model... (11000/26842)
2024-09-15 17:48:37 INFO     Evaluating the model... (12000/26842)
2024-09-15 17:48:41 INFO     Evaluating the model... (13000/26842)
2024-09-15 17:48:46 INFO     Evaluating the model... (14000/26842)
2024-09-15 17:48:51 INFO     Evaluating the model... (15000/26842)
2024-09-15 17:48:56 INFO     Evaluating the model... (16000/26842)
2024-09-15 17:49:00 INFO     Evaluating the model... (17000/26842)
2024-09-15 17:49:04 INFO     Evaluating the model... (18000/26842)
2024-09-15 17:49:08 INFO     Evaluating the model... (19000/26842)
2024-09-15 17:49:12 INFO     Evaluating the model... (20000/26842)
2024-09-15 17:49:16 INFO     Evaluating the model... (21000/26842)
2024-09-15 17:49:20 INFO     Evaluating the model... (22000/26842)
2024-09-15 17:49:24 INFO     Evaluating the model... (23000/26842)
2024-09-15 17:49:28 INFO     Evaluating the model... (24000/26842)
2024-09-15 17:49:32 INFO     Evaluating the model... (25000/26842)
2024-09-15 17:49:36 INFO     Evaluating the model... (26000/26842)
2024-09-15 17:49:40 INFO     Valid hits@1_list at step 20000: 0.000015
2024-09-15 17:49:40 INFO     Valid hits@3_list at step 20000: 0.000038
2024-09-15 17:49:40 INFO     Valid hits@10_list at step 20000: 0.000403
2024-09-15 17:49:40 INFO     Valid mrr_list at step 20000: 0.004115
2024-09-15 17:49:42 INFO     Train positive_sample_loss at step 20100: 0.691555
2024-09-15 17:49:42 INFO     Train negative_sample_loss at step 20100: 0.703462
2024-09-15 17:49:42 INFO     Train loss at step 20100: 0.697508
2024-09-15 17:49:45 INFO     Train positive_sample_loss at step 20200: 0.692300
2024-09-15 17:49:45 INFO     Train negative_sample_loss at step 20200: 0.699544
2024-09-15 17:49:45 INFO     Train loss at step 20200: 0.695922
2024-09-15 17:49:48 INFO     Train positive_sample_loss at step 20300: 0.692220
2024-09-15 17:49:48 INFO     Train negative_sample_loss at step 20300: 0.699592
2024-09-15 17:49:48 INFO     Train loss at step 20300: 0.695906
2024-09-15 17:49:50 INFO     Train positive_sample_loss at step 20400: 0.691886
2024-09-15 17:49:50 INFO     Train negative_sample_loss at step 20400: 0.701841
2024-09-15 17:49:50 INFO     Train loss at step 20400: 0.696863
2024-09-15 17:49:53 INFO     Train positive_sample_loss at step 20500: 0.691714
2024-09-15 17:49:53 INFO     Train negative_sample_loss at step 20500: 0.705335
2024-09-15 17:49:53 INFO     Train loss at step 20500: 0.698525
2024-09-15 17:49:56 INFO     Train positive_sample_loss at step 20600: 0.692120
2024-09-15 17:49:56 INFO     Train negative_sample_loss at step 20600: 0.698185
2024-09-15 17:49:56 INFO     Train loss at step 20600: 0.695153
2024-09-15 17:49:58 INFO     Train positive_sample_loss at step 20700: 0.692041
2024-09-15 17:49:58 INFO     Train negative_sample_loss at step 20700: 0.700300
2024-09-15 17:49:58 INFO     Train loss at step 20700: 0.696170
2024-09-15 17:50:01 INFO     Train positive_sample_loss at step 20800: 0.691589
2024-09-15 17:50:01 INFO     Train negative_sample_loss at step 20800: 0.707194
2024-09-15 17:50:01 INFO     Train loss at step 20800: 0.699392
2024-09-15 17:50:04 INFO     Train positive_sample_loss at step 20900: 0.691843
2024-09-15 17:50:04 INFO     Train negative_sample_loss at step 20900: 0.702512
2024-09-15 17:50:04 INFO     Train loss at step 20900: 0.697177
2024-09-15 17:50:06 INFO     Train positive_sample_loss at step 21000: 0.691834
2024-09-15 17:50:06 INFO     Train negative_sample_loss at step 21000: 0.705406
2024-09-15 17:50:06 INFO     Train loss at step 21000: 0.698620
2024-09-15 17:50:09 INFO     Train positive_sample_loss at step 21100: 0.692019
2024-09-15 17:50:09 INFO     Train negative_sample_loss at step 21100: 0.700761
2024-09-15 17:50:09 INFO     Train loss at step 21100: 0.696390
2024-09-15 17:50:12 INFO     Train positive_sample_loss at step 21200: 0.692275
2024-09-15 17:50:12 INFO     Train negative_sample_loss at step 21200: 0.700356
2024-09-15 17:50:12 INFO     Train loss at step 21200: 0.696316
2024-09-15 17:50:14 INFO     Train positive_sample_loss at step 21300: 0.691786
2024-09-15 17:50:14 INFO     Train negative_sample_loss at step 21300: 0.702322
2024-09-15 17:50:14 INFO     Train loss at step 21300: 0.697054
2024-09-15 17:50:17 INFO     Train positive_sample_loss at step 21400: 0.691570
2024-09-15 17:50:17 INFO     Train negative_sample_loss at step 21400: 0.705028
2024-09-15 17:50:17 INFO     Train loss at step 21400: 0.698299
2024-09-15 17:50:20 INFO     Train positive_sample_loss at step 21500: 0.691833
2024-09-15 17:50:20 INFO     Train negative_sample_loss at step 21500: 0.703761
2024-09-15 17:50:20 INFO     Train loss at step 21500: 0.697797
2024-09-15 17:50:22 INFO     Train positive_sample_loss at step 21600: 0.691942
2024-09-15 17:50:22 INFO     Train negative_sample_loss at step 21600: 0.700987
2024-09-15 17:50:22 INFO     Train loss at step 21600: 0.696464
2024-09-15 17:50:25 INFO     Train positive_sample_loss at step 21700: 0.691946
2024-09-15 17:50:25 INFO     Train negative_sample_loss at step 21700: 0.701285
2024-09-15 17:50:25 INFO     Train loss at step 21700: 0.696616
2024-09-15 17:50:27 INFO     Train positive_sample_loss at step 21800: 0.691945
2024-09-15 17:50:27 INFO     Train negative_sample_loss at step 21800: 0.700875
2024-09-15 17:50:27 INFO     Train loss at step 21800: 0.696410
2024-09-15 17:50:30 INFO     Train positive_sample_loss at step 21900: 0.691951
2024-09-15 17:50:30 INFO     Train negative_sample_loss at step 21900: 0.702509
2024-09-15 17:50:30 INFO     Train loss at step 21900: 0.697230
2024-09-15 17:50:33 INFO     Train positive_sample_loss at step 22000: 0.692054
2024-09-15 17:50:33 INFO     Train negative_sample_loss at step 22000: 0.699249
2024-09-15 17:50:33 INFO     Train loss at step 22000: 0.695651
2024-09-15 17:50:35 INFO     Train positive_sample_loss at step 22100: 0.692513
2024-09-15 17:50:35 INFO     Train negative_sample_loss at step 22100: 0.696671
2024-09-15 17:50:35 INFO     Train loss at step 22100: 0.694592
2024-09-15 17:50:38 INFO     Train positive_sample_loss at step 22200: 0.692001
2024-09-15 17:50:38 INFO     Train negative_sample_loss at step 22200: 0.703481
2024-09-15 17:50:38 INFO     Train loss at step 22200: 0.697741
2024-09-15 17:50:41 INFO     Train positive_sample_loss at step 22300: 0.691933
2024-09-15 17:50:41 INFO     Train negative_sample_loss at step 22300: 0.700929
2024-09-15 17:50:41 INFO     Train loss at step 22300: 0.696431
2024-09-15 17:50:43 INFO     Train positive_sample_loss at step 22400: 0.691744
2024-09-15 17:50:43 INFO     Train negative_sample_loss at step 22400: 0.704496
2024-09-15 17:50:43 INFO     Train loss at step 22400: 0.698120
2024-09-15 17:50:46 INFO     Train positive_sample_loss at step 22500: 0.691469
2024-09-15 17:50:46 INFO     Train negative_sample_loss at step 22500: 0.704550
2024-09-15 17:50:46 INFO     Train loss at step 22500: 0.698009
2024-09-15 17:50:49 INFO     Train positive_sample_loss at step 22600: 0.691967
2024-09-15 17:50:49 INFO     Train negative_sample_loss at step 22600: 0.703367
2024-09-15 17:50:49 INFO     Train loss at step 22600: 0.697667
2024-09-15 17:50:52 INFO     Train positive_sample_loss at step 22700: 0.691950
2024-09-15 17:50:52 INFO     Train negative_sample_loss at step 22700: 0.702212
2024-09-15 17:50:52 INFO     Train loss at step 22700: 0.697081
2024-09-15 17:50:54 INFO     Train positive_sample_loss at step 22800: 0.691874
2024-09-15 17:50:54 INFO     Train negative_sample_loss at step 22800: 0.702673
2024-09-15 17:50:54 INFO     Train loss at step 22800: 0.697274
2024-09-15 17:50:57 INFO     Train positive_sample_loss at step 22900: 0.691698
2024-09-15 17:50:57 INFO     Train negative_sample_loss at step 22900: 0.704367
2024-09-15 17:50:57 INFO     Train loss at step 22900: 0.698032
2024-09-15 17:50:59 INFO     Train positive_sample_loss at step 23000: 0.691818
2024-09-15 17:50:59 INFO     Train negative_sample_loss at step 23000: 0.702013
2024-09-15 17:50:59 INFO     Train loss at step 23000: 0.696915
2024-09-15 17:51:02 INFO     Train positive_sample_loss at step 23100: 0.691608
2024-09-15 17:51:02 INFO     Train negative_sample_loss at step 23100: 0.706037
2024-09-15 17:51:02 INFO     Train loss at step 23100: 0.698823
2024-09-15 17:51:05 INFO     Train positive_sample_loss at step 23200: 0.691933
2024-09-15 17:51:05 INFO     Train negative_sample_loss at step 23200: 0.702745
2024-09-15 17:51:05 INFO     Train loss at step 23200: 0.697339
2024-09-15 17:51:08 INFO     Train positive_sample_loss at step 23300: 0.691810
2024-09-15 17:51:08 INFO     Train negative_sample_loss at step 23300: 0.703936
2024-09-15 17:51:08 INFO     Train loss at step 23300: 0.697873
2024-09-15 17:51:10 INFO     Train positive_sample_loss at step 23400: 0.691788
2024-09-15 17:51:10 INFO     Train negative_sample_loss at step 23400: 0.701988
2024-09-15 17:51:10 INFO     Train loss at step 23400: 0.696888
2024-09-15 17:51:13 INFO     Train positive_sample_loss at step 23500: 0.692061
2024-09-15 17:51:13 INFO     Train negative_sample_loss at step 23500: 0.699977
2024-09-15 17:51:13 INFO     Train loss at step 23500: 0.696019
2024-09-15 17:51:16 INFO     Train positive_sample_loss at step 23600: 0.691956
2024-09-15 17:51:16 INFO     Train negative_sample_loss at step 23600: 0.706216
2024-09-15 17:51:16 INFO     Train loss at step 23600: 0.699086
2024-09-15 17:51:18 INFO     Train positive_sample_loss at step 23700: 0.692135
2024-09-15 17:51:18 INFO     Train negative_sample_loss at step 23700: 0.701564
2024-09-15 17:51:18 INFO     Train loss at step 23700: 0.696849
2024-09-15 17:51:21 INFO     Train positive_sample_loss at step 23800: 0.691884
2024-09-15 17:51:21 INFO     Train negative_sample_loss at step 23800: 0.701844
2024-09-15 17:51:21 INFO     Train loss at step 23800: 0.696864
2024-09-15 17:51:23 INFO     Train positive_sample_loss at step 23900: 0.692575
2024-09-15 17:51:23 INFO     Train negative_sample_loss at step 23900: 0.697516
2024-09-15 17:51:23 INFO     Train loss at step 23900: 0.695045
2024-09-15 17:51:26 INFO     Train positive_sample_loss at step 24000: 0.691930
2024-09-15 17:51:26 INFO     Train negative_sample_loss at step 24000: 0.703897
2024-09-15 17:51:26 INFO     Train loss at step 24000: 0.697913
2024-09-15 17:51:29 INFO     Train positive_sample_loss at step 24100: 0.692060
2024-09-15 17:51:29 INFO     Train negative_sample_loss at step 24100: 0.700283
2024-09-15 17:51:29 INFO     Train loss at step 24100: 0.696171
2024-09-15 17:51:31 INFO     Train positive_sample_loss at step 24200: 0.692442
2024-09-15 17:51:31 INFO     Train negative_sample_loss at step 24200: 0.699297
2024-09-15 17:51:31 INFO     Train loss at step 24200: 0.695870
2024-09-15 17:51:34 INFO     Train positive_sample_loss at step 24300: 0.692008
2024-09-15 17:51:34 INFO     Train negative_sample_loss at step 24300: 0.701518
2024-09-15 17:51:34 INFO     Train loss at step 24300: 0.696763
2024-09-15 17:51:37 INFO     Train positive_sample_loss at step 24400: 0.692284
2024-09-15 17:51:37 INFO     Train negative_sample_loss at step 24400: 0.698598
2024-09-15 17:51:37 INFO     Train loss at step 24400: 0.695441
2024-09-15 17:51:39 INFO     Train positive_sample_loss at step 24500: 0.691936
2024-09-15 17:51:39 INFO     Train negative_sample_loss at step 24500: 0.701990
2024-09-15 17:51:39 INFO     Train loss at step 24500: 0.696963
2024-09-15 17:51:42 INFO     Train positive_sample_loss at step 24600: 0.692031
2024-09-15 17:51:42 INFO     Train negative_sample_loss at step 24600: 0.701881
2024-09-15 17:51:42 INFO     Train loss at step 24600: 0.696956
2024-09-15 17:51:45 INFO     Train positive_sample_loss at step 24700: 0.692578
2024-09-15 17:51:45 INFO     Train negative_sample_loss at step 24700: 0.696600
2024-09-15 17:51:45 INFO     Train loss at step 24700: 0.694589
2024-09-15 17:51:47 INFO     Train positive_sample_loss at step 24800: 0.692040
2024-09-15 17:51:47 INFO     Train negative_sample_loss at step 24800: 0.701702
2024-09-15 17:51:47 INFO     Train loss at step 24800: 0.696871
2024-09-15 17:51:50 INFO     Train positive_sample_loss at step 24900: 0.691619
2024-09-15 17:51:50 INFO     Train negative_sample_loss at step 24900: 0.705243
2024-09-15 17:51:50 INFO     Train loss at step 24900: 0.698431
2024-09-15 17:51:53 INFO     Train positive_sample_loss at step 25000: 0.692068
2024-09-15 17:51:53 INFO     Train negative_sample_loss at step 25000: 0.700386
2024-09-15 17:51:53 INFO     Train loss at step 25000: 0.696227
2024-09-15 17:51:55 INFO     Train positive_sample_loss at step 25100: 0.691633
2024-09-15 17:51:55 INFO     Train negative_sample_loss at step 25100: 0.704706
2024-09-15 17:51:55 INFO     Train loss at step 25100: 0.698170
2024-09-15 17:51:58 INFO     Train positive_sample_loss at step 25200: 0.692195
2024-09-15 17:51:58 INFO     Train negative_sample_loss at step 25200: 0.701615
2024-09-15 17:51:58 INFO     Train loss at step 25200: 0.696905
2024-09-15 17:52:01 INFO     Train positive_sample_loss at step 25300: 0.692206
2024-09-15 17:52:01 INFO     Train negative_sample_loss at step 25300: 0.700613
2024-09-15 17:52:01 INFO     Train loss at step 25300: 0.696409
2024-09-15 17:52:03 INFO     Train positive_sample_loss at step 25400: 0.692473
2024-09-15 17:52:03 INFO     Train negative_sample_loss at step 25400: 0.699563
2024-09-15 17:52:03 INFO     Train loss at step 25400: 0.696018
2024-09-15 17:52:06 INFO     Train positive_sample_loss at step 25500: 0.692376
2024-09-15 17:52:06 INFO     Train negative_sample_loss at step 25500: 0.698533
2024-09-15 17:52:06 INFO     Train loss at step 25500: 0.695455
2024-09-15 17:52:09 INFO     Train positive_sample_loss at step 25600: 0.692094
2024-09-15 17:52:09 INFO     Train negative_sample_loss at step 25600: 0.700551
2024-09-15 17:52:09 INFO     Train loss at step 25600: 0.696322
2024-09-15 17:52:11 INFO     Train positive_sample_loss at step 25700: 0.692096
2024-09-15 17:52:11 INFO     Train negative_sample_loss at step 25700: 0.701108
2024-09-15 17:52:11 INFO     Train loss at step 25700: 0.696602
2024-09-15 17:52:14 INFO     Train positive_sample_loss at step 25800: 0.692209
2024-09-15 17:52:14 INFO     Train negative_sample_loss at step 25800: 0.699984
2024-09-15 17:52:14 INFO     Train loss at step 25800: 0.696097
2024-09-15 17:52:25 INFO     Train positive_sample_loss at step 25900: 0.692670
2024-09-15 17:52:25 INFO     Train negative_sample_loss at step 25900: 0.697743
2024-09-15 17:52:25 INFO     Train loss at step 25900: 0.695207
2024-09-15 17:52:27 INFO     Train positive_sample_loss at step 26000: 0.692311
2024-09-15 17:52:27 INFO     Train negative_sample_loss at step 26000: 0.700554
2024-09-15 17:52:27 INFO     Train loss at step 26000: 0.696432
2024-09-15 17:52:29 INFO     Train positive_sample_loss at step 26100: 0.692264
2024-09-15 17:52:29 INFO     Train negative_sample_loss at step 26100: 0.700223
2024-09-15 17:52:29 INFO     Train loss at step 26100: 0.696244
2024-09-15 17:52:32 INFO     Train positive_sample_loss at step 26200: 0.692534
2024-09-15 17:52:32 INFO     Train negative_sample_loss at step 26200: 0.697807
2024-09-15 17:52:32 INFO     Train loss at step 26200: 0.695171
2024-09-15 17:52:35 INFO     Train positive_sample_loss at step 26300: 0.692301
2024-09-15 17:52:35 INFO     Train negative_sample_loss at step 26300: 0.697748
2024-09-15 17:52:35 INFO     Train loss at step 26300: 0.695024
2024-09-15 17:52:37 INFO     Train positive_sample_loss at step 26400: 0.692491
2024-09-15 17:52:37 INFO     Train negative_sample_loss at step 26400: 0.698930
2024-09-15 17:52:37 INFO     Train loss at step 26400: 0.695711
2024-09-15 17:52:40 INFO     Train positive_sample_loss at step 26500: 0.692454
2024-09-15 17:52:40 INFO     Train negative_sample_loss at step 26500: 0.696964
2024-09-15 17:52:40 INFO     Train loss at step 26500: 0.694709
2024-09-15 17:52:43 INFO     Train positive_sample_loss at step 26600: 0.692220
2024-09-15 17:52:43 INFO     Train negative_sample_loss at step 26600: 0.699923
2024-09-15 17:52:43 INFO     Train loss at step 26600: 0.696071
2024-09-15 17:52:45 INFO     Train positive_sample_loss at step 26700: 0.692115
2024-09-15 17:52:45 INFO     Train negative_sample_loss at step 26700: 0.701579
2024-09-15 17:52:45 INFO     Train loss at step 26700: 0.696847
2024-09-15 17:52:48 INFO     Train positive_sample_loss at step 26800: 0.692367
2024-09-15 17:52:48 INFO     Train negative_sample_loss at step 26800: 0.698925
2024-09-15 17:52:48 INFO     Train loss at step 26800: 0.695646
2024-09-15 17:52:51 INFO     Train positive_sample_loss at step 26900: 0.691969
2024-09-15 17:52:51 INFO     Train negative_sample_loss at step 26900: 0.703322
2024-09-15 17:52:51 INFO     Train loss at step 26900: 0.697645
2024-09-15 17:52:53 INFO     Train positive_sample_loss at step 27000: 0.692209
2024-09-15 17:52:53 INFO     Train negative_sample_loss at step 27000: 0.699295
2024-09-15 17:52:53 INFO     Train loss at step 27000: 0.695752
2024-09-15 17:52:56 INFO     Train positive_sample_loss at step 27100: 0.692076
2024-09-15 17:52:56 INFO     Train negative_sample_loss at step 27100: 0.699627
2024-09-15 17:52:56 INFO     Train loss at step 27100: 0.695851
2024-09-15 17:52:59 INFO     Train positive_sample_loss at step 27200: 0.692180
2024-09-15 17:52:59 INFO     Train negative_sample_loss at step 27200: 0.701929
2024-09-15 17:52:59 INFO     Train loss at step 27200: 0.697054
2024-09-15 17:53:01 INFO     Train positive_sample_loss at step 27300: 0.692644
2024-09-15 17:53:01 INFO     Train negative_sample_loss at step 27300: 0.696112
2024-09-15 17:53:01 INFO     Train loss at step 27300: 0.694378
2024-09-15 17:53:04 INFO     Train positive_sample_loss at step 27400: 0.692301
2024-09-15 17:53:04 INFO     Train negative_sample_loss at step 27400: 0.698243
2024-09-15 17:53:04 INFO     Train loss at step 27400: 0.695272
2024-09-15 17:53:07 INFO     Train positive_sample_loss at step 27500: 0.692387
2024-09-15 17:53:07 INFO     Train negative_sample_loss at step 27500: 0.698850
2024-09-15 17:53:07 INFO     Train loss at step 27500: 0.695619
2024-09-15 17:53:09 INFO     Train positive_sample_loss at step 27600: 0.692143
2024-09-15 17:53:09 INFO     Train negative_sample_loss at step 27600: 0.701144
2024-09-15 17:53:09 INFO     Train loss at step 27600: 0.696644
2024-09-15 17:53:12 INFO     Train positive_sample_loss at step 27700: 0.692337
2024-09-15 17:53:12 INFO     Train negative_sample_loss at step 27700: 0.699951
2024-09-15 17:53:12 INFO     Train loss at step 27700: 0.696144
2024-09-15 17:53:15 INFO     Train positive_sample_loss at step 27800: 0.691964
2024-09-15 17:53:15 INFO     Train negative_sample_loss at step 27800: 0.704966
2024-09-15 17:53:15 INFO     Train loss at step 27800: 0.698465
2024-09-15 17:53:17 INFO     Train positive_sample_loss at step 27900: 0.692428
2024-09-15 17:53:17 INFO     Train negative_sample_loss at step 27900: 0.696108
2024-09-15 17:53:17 INFO     Train loss at step 27900: 0.694268
2024-09-15 17:53:20 INFO     Train positive_sample_loss at step 28000: 0.692031
2024-09-15 17:53:20 INFO     Train negative_sample_loss at step 28000: 0.700742
2024-09-15 17:53:20 INFO     Train loss at step 28000: 0.696387
2024-09-15 17:53:23 INFO     Train positive_sample_loss at step 28100: 0.692457
2024-09-15 17:53:23 INFO     Train negative_sample_loss at step 28100: 0.698256
2024-09-15 17:53:23 INFO     Train loss at step 28100: 0.695357
2024-09-15 17:53:26 INFO     Train positive_sample_loss at step 28200: 0.692213
2024-09-15 17:53:26 INFO     Train negative_sample_loss at step 28200: 0.700684
2024-09-15 17:53:26 INFO     Train loss at step 28200: 0.696448
2024-09-15 17:53:28 INFO     Train positive_sample_loss at step 28300: 0.692427
2024-09-15 17:53:28 INFO     Train negative_sample_loss at step 28300: 0.698323
2024-09-15 17:53:28 INFO     Train loss at step 28300: 0.695375
2024-09-15 17:53:31 INFO     Train positive_sample_loss at step 28400: 0.692808
2024-09-15 17:53:31 INFO     Train negative_sample_loss at step 28400: 0.694946
2024-09-15 17:53:31 INFO     Train loss at step 28400: 0.693877
2024-09-15 17:53:33 INFO     Train positive_sample_loss at step 28500: 0.692462
2024-09-15 17:53:33 INFO     Train negative_sample_loss at step 28500: 0.697311
2024-09-15 17:53:33 INFO     Train loss at step 28500: 0.694886
2024-09-15 17:53:36 INFO     Train positive_sample_loss at step 28600: 0.692451
2024-09-15 17:53:36 INFO     Train negative_sample_loss at step 28600: 0.699235
2024-09-15 17:53:36 INFO     Train loss at step 28600: 0.695843
2024-09-15 17:53:39 INFO     Train positive_sample_loss at step 28700: 0.692231
2024-09-15 17:53:39 INFO     Train negative_sample_loss at step 28700: 0.699434
2024-09-15 17:53:39 INFO     Train loss at step 28700: 0.695833
2024-09-15 17:53:41 INFO     Train positive_sample_loss at step 28800: 0.692556
2024-09-15 17:53:41 INFO     Train negative_sample_loss at step 28800: 0.699828
2024-09-15 17:53:41 INFO     Train loss at step 28800: 0.696192
2024-09-15 17:53:44 INFO     Train positive_sample_loss at step 28900: 0.692462
2024-09-15 17:53:44 INFO     Train negative_sample_loss at step 28900: 0.698593
2024-09-15 17:53:44 INFO     Train loss at step 28900: 0.695527
2024-09-15 17:53:47 INFO     Train positive_sample_loss at step 29000: 0.692611
2024-09-15 17:53:47 INFO     Train negative_sample_loss at step 29000: 0.696620
2024-09-15 17:53:47 INFO     Train loss at step 29000: 0.694615
2024-09-15 17:53:49 INFO     Train positive_sample_loss at step 29100: 0.692278
2024-09-15 17:53:49 INFO     Train negative_sample_loss at step 29100: 0.699155
2024-09-15 17:53:49 INFO     Train loss at step 29100: 0.695716
2024-09-15 17:53:52 INFO     Train positive_sample_loss at step 29200: 0.692460
2024-09-15 17:53:52 INFO     Train negative_sample_loss at step 29200: 0.698288
2024-09-15 17:53:52 INFO     Train loss at step 29200: 0.695374
2024-09-15 17:53:55 INFO     Train positive_sample_loss at step 29300: 0.692605
2024-09-15 17:53:55 INFO     Train negative_sample_loss at step 29300: 0.698018
2024-09-15 17:53:55 INFO     Train loss at step 29300: 0.695311
2024-09-15 17:53:57 INFO     Train positive_sample_loss at step 29400: 0.692872
2024-09-15 17:53:57 INFO     Train negative_sample_loss at step 29400: 0.695378
2024-09-15 17:53:57 INFO     Train loss at step 29400: 0.694125
2024-09-15 17:54:00 INFO     Train positive_sample_loss at step 29500: 0.692254
2024-09-15 17:54:00 INFO     Train negative_sample_loss at step 29500: 0.702752
2024-09-15 17:54:00 INFO     Train loss at step 29500: 0.697503
2024-09-15 17:54:03 INFO     Train positive_sample_loss at step 29600: 0.692224
2024-09-15 17:54:03 INFO     Train negative_sample_loss at step 29600: 0.700746
2024-09-15 17:54:03 INFO     Train loss at step 29600: 0.696485
2024-09-15 17:54:05 INFO     Train positive_sample_loss at step 29700: 0.692340
2024-09-15 17:54:05 INFO     Train negative_sample_loss at step 29700: 0.698469
2024-09-15 17:54:05 INFO     Train loss at step 29700: 0.695405
2024-09-15 17:54:08 INFO     Train positive_sample_loss at step 29800: 0.692521
2024-09-15 17:54:08 INFO     Train negative_sample_loss at step 29800: 0.695579
2024-09-15 17:54:08 INFO     Train loss at step 29800: 0.694050
2024-09-15 17:54:11 INFO     Train positive_sample_loss at step 29900: 0.692452
2024-09-15 17:54:11 INFO     Train negative_sample_loss at step 29900: 0.697846
2024-09-15 17:54:11 INFO     Train loss at step 29900: 0.695149
2024-09-15 17:54:13 INFO     Train positive_sample_loss at step 30000: 0.692695
2024-09-15 17:54:13 INFO     Train negative_sample_loss at step 30000: 0.696184
2024-09-15 17:54:13 INFO     Train loss at step 30000: 0.694440
2024-09-15 17:54:14 INFO     Evaluating the model... (0/26842)
2024-09-15 17:54:18 INFO     Evaluating the model... (1000/26842)
